<?xml version="1.0" encoding="UTF-8"?>
<testsuite name="DailyProblem1" tests="3" skipped="0" failures="0" errors="0" timestamp="2021-11-26T19:36:43" hostname="Alicans-MacBook-Pro-2.local" time="0.084">
  <properties/>
  <testcase name="should convert [1, 2, 3, 4, 5] to [120, 60, 40, 30, 24]" classname="DailyProblem1" time="0.074"/>
  <testcase name="should convert [3, 2, 1] to [2, 3, 6]" classname="DailyProblem1" time="0.006"/>
  <testcase name="should convert [5, 3, 2] to [6, 10, 15]" classname="DailyProblem1" time="0.001"/>
  <system-out><![CDATA[]]></system-out>
  <system-err><![CDATA[]]></system-err>
</testsuite>
